<?xml version="1.0" encoding="UTF-8"?>
<!-- Generated by org.testng.reporters.JUnitReportReporter -->
<testsuite hostname="LAPTOP-EUBDL8MT" failures="0" tests="1" name="com.actitimetestscript.TitleMatching" time="5.999" errors="0" timestamp="2022-08-16T17:50:03 IST" skipped="0">
  <testcase classname="com.actitimetestscript.TitleMatching" name="titleVerify" time="5.999"/>
  <system-out>
    <![CDATA[Title is matching with Google]]>
  </system-out>
</testsuite> <!-- com.actitimetestscript.TitleMatching -->
