<?xml version="1.0" encoding="UTF-8"?>
<!-- Generated by org.testng.reporters.JUnitReportReporter -->
<testsuite hostname="LAPTOP-EUBDL8MT" failures="0" tests="2" name="com.actitimetestscript.Annotations" time="0.012" errors="0" timestamp="2022-08-17T14:58:30 IST" skipped="0">
  <testcase classname="com.actitimetestscript.Annotations" name="deleteCustomer" time="0.001"/>
  <system-out>
    <![CDATA[deleteCustomer]]>
  </system-out>
  <testcase classname="com.actitimetestscript.Annotations" name="creatCustomer" time="0.011"/>
  <system-out>
    <![CDATA[creatCustomer]]>
  </system-out>
</testsuite> <!-- com.actitimetestscript.Annotations -->
