<?xml version="1.0" encoding="UTF-8"?>
<!-- Generated by org.testng.reporters.JUnitReportReporter -->
<testsuite hostname="LAPTOP-EUBDL8MT" failures="0" tests="4" name="com.actitimetestscript.AnnotationEXE1" time="0.008" errors="0" timestamp="2022-08-16T23:00:56 IST" skipped="0">
  <testcase classname="com.actitimetestscript.AnnotationEXE1" name="deleteCustomer" time="0.004"/>
  <system-out>
    <![CDATA[deleteCustomer]]>
  </system-out>
  <testcase classname="com.actitimetestscript.AnnotationEXE1" name="registerCustomer" time="0.001"/>
  <system-out>
    <![CDATA[register]]>
  </system-out>
  <testcase classname="com.actitimetestscript.AnnotationEXE1" name="editCustomer" time="0.002"/>
  <system-out>
    <![CDATA[editCustomer]]>
  </system-out>
  <testcase classname="com.actitimetestscript.AnnotationEXE1" name="editCustomer" time="0.001"/>
  <system-out>
    <![CDATA[editCustomer]]>
  </system-out>
</testsuite> <!-- com.actitimetestscript.AnnotationEXE1 -->
