<?xml version="1.0" encoding="UTF-8"?>
<!-- Generated by org.testng.reporters.JUnitReportReporter -->
<testsuite hostname="LAPTOP-EUBDL8MT" failures="0" tests="3" name="com.actitimetestscript.CustomerModule" time="35.318" errors="0" timestamp="2022-08-17T17:11:53 IST" skipped="0">
  <testcase classname="com.actitimetestscript.CustomerModule" name="deleteCustomer" time="11.854"/>
  <system-out>
    <![CDATA[deleteCustomer]]>
  </system-out>
  <testcase classname="com.actitimetestscript.CustomerModule" name="modifyCustomer" time="9.666"/>
  <system-out>
    <![CDATA[modifyCustomer]]>
  </system-out>
  <testcase classname="com.actitimetestscript.CustomerModule" name="createCustomer" time="13.798"/>
  <system-out>
    <![CDATA[createCustomer]]>
  </system-out>
</testsuite> <!-- com.actitimetestscript.CustomerModule -->
