<?xml version="1.0" encoding="UTF-8"?>
<!-- Generated by org.testng.reporters.JUnitReportReporter -->
<testsuite hostname="LAPTOP-EUBDL8MT" failures="0" tests="1" name="com.Organisation.Dummy_class" time="0.010" errors="0" timestamp="2022-10-10T16:56:42 IST" skipped="0">
  <testcase classname="com.Organisation.Dummy_class" name="dunnymethod" time="0.010"/>
  <system-out/>
</testsuite> <!-- com.Organisation.Dummy_class -->
