<?xml version="1.0" encoding="UTF-8"?>
<!-- Generated by org.testng.reporters.JUnitReportReporter -->
<testsuite hostname="LAPTOP-EUBDL8MT" failures="0" tests="1" name="com.actitimetestscript.ScreenShot" time="10.029" errors="0" timestamp="2022-08-18T20:31:09 IST" skipped="0">
  <testcase classname="com.actitimetestscript.ScreenShot" name="screenShot" time="10.029"/>
  <system-out/>
</testsuite> <!-- com.actitimetestscript.ScreenShot -->
