<?xml version="1.0" encoding="UTF-8"?>
<!-- Generated by org.testng.reporters.JUnitReportReporter -->
<testsuite hostname="LAPTOP-EUBDL8MT" failures="0" tests="3" name="com.actitimetestscript.TaskModule" time="0.008" errors="0" timestamp="2022-08-17T15:18:47 IST" skipped="0">
  <testcase classname="com.actitimetestscript.TaskModule" name="deleteTask" time="0.001"/>
  <system-out>
    <![CDATA[deleteTask]]>
  </system-out>
  <testcase classname="com.actitimetestscript.TaskModule" name="modifyTask" time="0.001"/>
  <system-out>
    <![CDATA[modifyTask]]>
  </system-out>
  <testcase classname="com.actitimetestscript.TaskModule" name="createTask" time="0.006"/>
  <system-out>
    <![CDATA[createTask]]>
  </system-out>
</testsuite> <!-- com.actitimetestscript.TaskModule -->
