<?xml version="1.0" encoding="UTF-8"?>
<!-- Generated by org.testng.reporters.JUnitReportReporter -->
<testsuite hostname="LAPTOP-EUBDL8MT" failures="0" tests="1" name="classone.Test_Demo" time="0.008" errors="0" timestamp="2022-08-14T17:40:55 IST" skipped="0">
  <testcase classname="classone.Test_Demo" name="demoTest" time="0.008"/>
  <system-out>
    <![CDATA[test]]>
  </system-out>
</testsuite> <!-- classone.Test_Demo -->
