<?xml version="1.0" encoding="UTF-8"?>
<!-- Generated by org.testng.reporters.JUnitReportReporter -->
<testsuite hostname="LAPTOP-EUBDL8MT" failures="0" tests="3" name="com.actitimetestscript.DemoTestNg" time="0.002" errors="0" timestamp="2022-08-14T17:40:55 IST" skipped="0">
  <testcase classname="com.actitimetestscript.DemoTestNg" name="customerModule" time="0.001"/>
  <system-out>
    <![CDATA[customerModule]]>
  </system-out>
  <testcase classname="com.actitimetestscript.DemoTestNg" name="createmodule" time="0.001"/>
  <system-out>
    <![CDATA[createmodule]]>
  </system-out>
  <testcase classname="com.actitimetestscript.DemoTestNg" name="modifycustomer" time="0.000"/>
  <system-out>
    <![CDATA[modifycustomer]]>
  </system-out>
</testsuite> <!-- com.actitimetestscript.DemoTestNg -->
